<?xml version="1.0" encoding="UTF-8"?>
<testsuite name="Run on FireFox Browser"
           tests="8"
           failures="1"
           errors="0"
           skipped="7"
           time="25.921">
  <properties />
            <testcase name="beforeClass" time="25.921" classname="testcases.techpanda.account.Level_15_Log4J_Teacher_Part_I">
                <failure type="java.lang.NullPointerException"
                  message="(null)"
              >
<![CDATA[java.lang.NullPointerException
  cores.common.BaseTest.getBrowserDriver(BaseTest.java:40)
  testcases.techpanda.account.Level_15_Log4J_Teacher_Part_I.beforeClass(Level_15_Log4J_Teacher_Part_I.java:25)
  sun.reflect.NativeMethodAccessorImpl.invoke0(Native Method)
  sun.reflect.NativeMethodAccessorImpl.invoke(NativeMethodAccessorImpl.java:62)
  sun.reflect.DelegatingMethodAccessorImpl.invoke(DelegatingMethodAccessorImpl.java:43)
  java.lang.reflect.Method.invoke(Method.java:498)
  org.testng.internal.MethodInvocationHelper.invokeMethod(MethodInvocationHelper.java:124)
  org.testng.internal.MethodInvocationHelper.invokeMethodConsideringTimeout(MethodInvocationHelper.java:59)
  org.testng.internal.Invoker.invokeConfigurationMethod(Invoker.java:458)
  org.testng.internal.Invoker.invokeConfigurations(Invoker.java:222)
  org.testng.internal.Invoker.invokeConfigurations(Invoker.java:142)
  org.testng.internal.TestMethodWorker.invokeBeforeClassMethods(TestMethodWorker.java:168)
  org.testng.internal.TestMethodWorker.run(TestMethodWorker.java:105)
  org.testng.TestRunner.privateRun(TestRunner.java:648)
  org.testng.TestRunner.run(TestRunner.java:505)
  org.testng.SuiteRunner.runTest(SuiteRunner.java:455)
  org.testng.SuiteRunner.runSequentially(SuiteRunner.java:450)
  org.testng.SuiteRunner.privateRun(SuiteRunner.java:415)
  org.testng.SuiteRunner.run(SuiteRunner.java:364)
  org.testng.SuiteRunnerWorker.runSuite(SuiteRunnerWorker.java:52)
  org.testng.SuiteRunnerWorker.run(SuiteRunnerWorker.java:84)
  org.testng.TestNG.runSuitesSequentially(TestNG.java:1208)
  org.testng.TestNG.runSuitesLocally(TestNG.java:1137)
  org.testng.TestNG.runSuites(TestNG.java:1049)
  org.testng.TestNG.run(TestNG.java:1017)
  com.intellij.rt.testng.IDEARemoteTestNG.run(IDEARemoteTestNG.java:66)
  com.intellij.rt.testng.RemoteTestNGStarter.main(RemoteTestNGStarter.java:109)
]]>
      </failure>

          </testcase>
  
            <testcase name="afterClass" time="0.0" classname="testcases.techpanda.account.Level_15_Log4J_Teacher_Part_I">
          <skipped />
    </testcase>
            <testcase name="TC_01_LoginWithEmptyEmailAndPassword" time="0.0" classname="testcases.techpanda.account.Level_15_Log4J_Teacher_Part_I">
          <skipped />
    </testcase>
            <testcase name="TC_06_LoginWithValidEmailAndPassword" time="0.0" classname="testcases.techpanda.account.Level_15_Log4J_Teacher_Part_I">
          <skipped />
    </testcase>
            <testcase name="TC_04_LoginWithInvalidPassword" time="0.0" classname="testcases.techpanda.account.Level_15_Log4J_Teacher_Part_I">
          <skipped />
    </testcase>
            <testcase name="TC_05_LoginWithIncorrectPassword" time="0.0" classname="testcases.techpanda.account.Level_15_Log4J_Teacher_Part_I">
          <skipped />
    </testcase>
            <testcase name="TC_02_LoginWithInvalidEmail" time="0.0" classname="testcases.techpanda.account.Level_15_Log4J_Teacher_Part_I">
          <skipped />
    </testcase>
            <testcase name="TC_03_LoginWithIncorrectEmail" time="0.0" classname="testcases.techpanda.account.Level_15_Log4J_Teacher_Part_I">
          <skipped />
    </testcase>
  
  
</testsuite>
